<?xml version="1.0" encoding="UTF-8"?>
<robot generator="Robot 6.0.2 (Python 3.11.2 on win32)" generated="20230412 08:18:29.515" rpa="false" schemaversion="3">
<suite id="s1" name="Radiobutton" source="C:\Users\PC_4077\PycharmProjects\pythonProject1\Automation\radiobutton.robot">
<test id="s1-t1" name="checking radio buttons and check boxes" line="9">
<kw name="Open Browser" library="SeleniumLibrary">
<arg>${url}</arg>
<arg>${browser}</arg>
<doc>Opens a new browser instance to the optional ``url``.</doc>
<msg timestamp="20230412 08:18:29.672" level="INFO">Opening browser 'chrome' to base url 'https://sauravsarkar-codersarcade.github.io/ca_automationpractice.com/'.</msg>
<status status="PASS" starttime="20230412 08:18:29.671" endtime="20230412 08:18:31.095"/>
</kw>
<kw name="Maximize Browser Window" library="SeleniumLibrary">
<doc>Maximizes current browser window.</doc>
<status status="PASS" starttime="20230412 08:18:31.096" endtime="20230412 08:18:31.210"/>
</kw>
<kw name="Set Selenium Speed" library="SeleniumLibrary">
<arg>2seconds</arg>
<doc>Sets the delay that is waited after each Selenium command.</doc>
<status status="PASS" starttime="20230412 08:18:31.211" endtime="20230412 08:18:31.211"/>
</kw>
<kw name="Select Radio Button" library="SeleniumLibrary">
<arg>gender</arg>
<arg>female</arg>
<doc>Sets the radio button group ``group_name`` to ``value``.</doc>
<msg timestamp="20230412 08:18:31.211" level="INFO">Selecting 'female' from radio button 'gender'.</msg>
<status status="PASS" starttime="20230412 08:18:31.211" endtime="20230412 08:18:37.260"/>
</kw>
<kw name="Select Checkbox" library="SeleniumLibrary">
<arg>Option 1</arg>
<doc>Selects the checkbox identified by ``locator``.</doc>
<msg timestamp="20230412 08:18:37.260" level="INFO">Selecting checkbox 'Option 1'.</msg>
<status status="PASS" starttime="20230412 08:18:37.260" endtime="20230412 08:18:45.303"/>
</kw>
<kw name="Select Checkbox" library="SeleniumLibrary">
<arg>Option 2</arg>
<doc>Selects the checkbox identified by ``locator``.</doc>
<msg timestamp="20230412 08:18:45.303" level="INFO">Selecting checkbox 'Option 2'.</msg>
<status status="PASS" starttime="20230412 08:18:45.303" endtime="20230412 08:18:53.341"/>
</kw>
<kw name="Unselect Checkbox" library="SeleniumLibrary">
<arg>Option 2</arg>
<doc>Removes the selection of checkbox identified by ``locator``.</doc>
<msg timestamp="20230412 08:18:53.341" level="INFO">Unselecting checkbox 'Option 2'.</msg>
<status status="PASS" starttime="20230412 08:18:53.341" endtime="20230412 08:19:01.370"/>
</kw>
<kw name="Close Browser" library="SeleniumLibrary">
<doc>Closes the current browser.</doc>
<status status="PASS" starttime="20230412 08:19:01.370" endtime="20230412 08:19:05.419"/>
</kw>
<status status="PASS" starttime="20230412 08:18:29.671" endtime="20230412 08:19:05.421"/>
</test>
<status status="PASS" starttime="20230412 08:18:29.516" endtime="20230412 08:19:05.422"/>
</suite>
<statistics>
<total>
<stat pass="1" fail="0" skip="0">All Tests</stat>
</total>
<tag>
</tag>
<suite>
<stat pass="1" fail="0" skip="0" id="s1" name="Radiobutton">Radiobutton</stat>
</suite>
</statistics>
<errors>
</errors>
</robot>
